net.dv8tion.jda.api.exceptions.ErrorResponseException: 10008: Unknown Message
	at net.dv8tion.jda.internal.requests.RestActionImpl.complete(RestActionImpl.java:227)
	at net.dv8tion.jda.api.requests.RestAction.complete(RestAction.java:633)
	at ustaN.nwBot.listeners.TermsAcceptListener.onMessageReactionAdd(TermsAcceptListener.java:37)
	at net.dv8tion.jda.api.hooks.ListenerAdapter.onEvent(ListenerAdapter.java:466)
	at net.dv8tion.jda.api.hooks.InterfacedEventManager.handle(InterfacedEventManager.java:96)
	at net.dv8tion.jda.internal.hooks.EventManagerProxy.handleInternally(EventManagerProxy.java:88)
	at net.dv8tion.jda.internal.hooks.EventManagerProxy.handle(EventManagerProxy.java:70)
	at net.dv8tion.jda.internal.JDAImpl.handleEvent(JDAImpl.java:160)
	at net.dv8tion.jda.internal.handle.MessageReactionHandler.onAdd(MessageReactionHandler.java:188)
	at net.dv8tion.jda.internal.handle.MessageReactionHandler.handleInternally(MessageReactionHandler.java:159)
	at net.dv8tion.jda.internal.handle.SocketHandler.handle(SocketHandler.java:36)
	at net.dv8tion.jda.internal.requests.WebSocketClient.onDispatch(WebSocketClient.java:952)
	at net.dv8tion.jda.internal.requests.WebSocketClient.onEvent(WebSocketClient.java:839)
	at net.dv8tion.jda.internal.requests.WebSocketClient.handleEvent(WebSocketClient.java:817)
	at net.dv8tion.jda.internal.requests.WebSocketClient.onBinaryMessage(WebSocketClient.java:990)
	at com.neovisionaries.ws.client.ListenerManager.callOnBinaryMessage(ListenerManager.java:385)
	at com.neovisionaries.ws.client.ReadingThread.callOnBinaryMessage(ReadingThread.java:276)
	at com.neovisionaries.ws.client.ReadingThread.handleBinaryFrame(ReadingThread.java:996)
	at com.neovisionaries.ws.client.ReadingThread.handleFrame(ReadingThread.java:755)
	at com.neovisionaries.ws.client.ReadingThread.main(ReadingThread.java:108)
	at com.neovisionaries.ws.client.ReadingThread.runMain(ReadingThread.java:64)
	at com.neovisionaries.ws.client.WebSocketThread.run(WebSocketThread.java:45)
Caused by: net.dv8tion.jda.api.exceptions.ContextException
	at net.dv8tion.jda.api.exceptions.ContextException.here(ContextException.java:54)
	at net.dv8tion.jda.api.requests.Request.<init>(Request.java:71)
	at net.dv8tion.jda.api.requests.RestFuture.<init>(RestFuture.java:36)
	at net.dv8tion.jda.internal.requests.RestActionImpl.submit(RestActionImpl.java:209)
	at net.dv8tion.jda.internal.requests.RestActionImpl.complete(RestActionImpl.java:219)
	... 21 more
